{"/Users/loureiro/project/firula/firula-one/gesture-handler.native.tsx": {"path":"/Users/loureiro/project/firula/firula-one/gesture-handler.native.tsx","statementMap":{},"fnMap":{},"branchMap":{},"s":{},"f":{},"b":{}}
,"/Users/loureiro/project/firula/firula-one/gesture-handler.tsx": {"path":"/Users/loureiro/project/firula/firula-one/gesture-handler.tsx","statementMap":{},"fnMap":{},"branchMap":{},"s":{},"f":{},"b":{}}
,"/Users/loureiro/project/firula/firula-one/index.tsx": {"path":"/Users/loureiro/project/firula/firula-one/index.tsx","statementMap":{"0":{"start":{"line":7,"column":0},"end":{"line":7,"column":27}}},"fnMap":{},"branchMap":{},"s":{"0":0},"f":{},"b":{}}
,"/Users/loureiro/project/firula/firula-one/src/App.tsx": {"path":"/Users/loureiro/project/firula/firula-one/src/App.tsx","statementMap":{"0":{"start":{"line":6,"column":2},"end":{"line":10,"column":4}}},"fnMap":{"0":{"name":"App","decl":{"start":{"line":5,"column":16},"end":{"line":5,"column":19}},"loc":{"start":{"line":5,"column":22},"end":{"line":11,"column":1}},"line":5}},"branchMap":{},"s":{"0":0},"f":{"0":0},"b":{}}
,"/Users/loureiro/project/firula/firula-one/src/@types/types.d.ts": {"path":"/Users/loureiro/project/firula/firula-one/src/@types/types.d.ts","statementMap":{},"fnMap":{},"branchMap":{},"s":{},"f":{},"b":{}}
,"/Users/loureiro/project/firula/firula-one/src/navigation/index.tsx": {"path":"/Users/loureiro/project/firula/firula-one/src/navigation/index.tsx","statementMap":{"0":{"start":{"line":4,"column":14},"end":{"line":4,"column":42}},"1":{"start":{"line":7,"column":2},"end":{"line":11,"column":4}}},"fnMap":{"0":{"name":"RootStack","decl":{"start":{"line":6,"column":24},"end":{"line":6,"column":33}},"loc":{"start":{"line":6,"column":36},"end":{"line":12,"column":1}},"line":6}},"branchMap":{},"s":{"0":0,"1":0},"f":{"0":0},"b":{}}
,"/Users/loureiro/project/firula/firula-one/src/navigation/screens/Profile/index.tsx": {"path":"/Users/loureiro/project/firula/firula-one/src/navigation/screens/Profile/index.tsx","statementMap":{"0":{"start":{"line":4,"column":26},"end":{"line":6,"column":1}},"1":{"start":{"line":5,"column":2},"end":{"line":5,"column":25}},"2":{"start":{"line":9,"column":2},"end":{"line":13,"column":4}},"3":{"start":{"line":16,"column":15},"end":{"line":23,"column":2}}},"fnMap":{"0":{"name":"(anonymous_0)","decl":{"start":{"line":4,"column":26},"end":{"line":4,"column":27}},"loc":{"start":{"line":5,"column":2},"end":{"line":5,"column":25}},"line":5},"1":{"name":"ProfileScreen","decl":{"start":{"line":8,"column":24},"end":{"line":8,"column":37}},"loc":{"start":{"line":8,"column":40},"end":{"line":14,"column":1}},"line":8}},"branchMap":{},"s":{"0":1,"1":2,"2":1,"3":1},"f":{"0":2,"1":1},"b":{},"_coverageSchema":"1a1c01bbd47fc00a2c39e90264f33305004495a9","hash":"78306fc0cf546e5b4dd5a0d2d6b0322b7f35acba"}
}
