TN:
SF:gesture-handler.native.tsx
FNF:0
FNH:0
LF:0
LH:0
BRF:0
BRH:0
end_of_record
TN:
SF:gesture-handler.tsx
FNF:0
FNH:0
LF:0
LH:0
BRF:0
BRH:0
end_of_record
TN:
SF:index.tsx
FNF:0
FNH:0
DA:7,0
LF:1
LH:0
BRF:0
BRH:0
end_of_record
TN:
SF:src/App.tsx
FN:5,App
FNF:1
FNH:0
FNDA:0,App
DA:6,0
LF:1
LH:0
BRF:0
BRH:0
end_of_record
TN:
SF:src/@types/types.d.ts
FNF:0
FNH:0
LF:0
LH:0
BRF:0
BRH:0
end_of_record
TN:
SF:src/navigation/index.tsx
FN:6,RootStack
FNF:1
FNH:0
FNDA:0,RootStack
DA:4,0
DA:7,0
LF:2
LH:0
BRF:0
BRH:0
end_of_record
TN:
SF:src/navigation/screens/Profile/index.tsx
FN:4,(anonymous_0)
FN:8,ProfileScreen
FNF:2
FNH:2
FNDA:2,(anonymous_0)
FNDA:1,ProfileScreen
DA:4,1
DA:5,2
DA:9,1
DA:16,1
LF:4
LH:4
BRF:0
BRH:0
end_of_record
